0 info it worked if it ends with ok
1 verbose cli [ '/Users/akorzunov/.nvm/versions/node/v7.7.2/bin/node',
1 verbose cli   '/Users/akorzunov/.nvm/versions/node/v7.7.2/bin/npm',
1 verbose cli   'publish' ]
2 info using npm@4.1.2
3 info using node@v7.7.2
4 verbose publish [ '.' ]
5 silly cache add args [ '.', null ]
6 verbose cache add spec .
7 silly cache add parsed spec Result {
7 silly cache add   raw: '.',
7 silly cache add   scope: null,
7 silly cache add   escapedName: null,
7 silly cache add   name: null,
7 silly cache add   rawSpec: '.',
7 silly cache add   spec: '/Users/akorzunov/dev/Z/mellis/github/focus/vue-focus-lock',
7 silly cache add   type: 'directory' }
8 verbose addLocalDirectory /Users/akorzunov/.npm/vue-focus-lock/1.0.3/package.tgz not in flight; packing
9 verbose correctMkdir /Users/akorzunov/.npm correctMkdir not in flight; initializing
10 warn prepublish-on-install As of npm@5, `prepublish` scripts will run only for `npm publish`.
11 warn prepublish-on-install (In npm@4 and previous versions, it also runs for `npm install`.)
12 warn prepublish-on-install See the deprecation note in `npm help scripts` for more information.
13 info lifecycle vue-focus-lock@1.0.3~prepublish: vue-focus-lock@1.0.3
14 verbose lifecycle vue-focus-lock@1.0.3~prepublish: unsafe-perm in lifecycle true
15 verbose lifecycle vue-focus-lock@1.0.3~prepublish: PATH: /Users/akorzunov/.nvm/versions/node/v7.7.2/lib/node_modules/npm/bin/node-gyp-bin:/Users/akorzunov/dev/Z/mellis/github/focus/vue-focus-lock/node_modules/.bin:/Users/akorzunov/.yarn/bin:/Users/akorzunov/.nvm/versions/node/v7.7.2/bin:/usr/local/bin:/usr/bin:/bin:/usr/sbin:/sbin:/opt/X11/bin
16 verbose lifecycle vue-focus-lock@1.0.3~prepublish: CWD: /Users/akorzunov/dev/Z/mellis/github/focus/vue-focus-lock
17 silly lifecycle vue-focus-lock@1.0.3~prepublish: Args: [ '-c', 'npm run build' ]
18 silly lifecycle vue-focus-lock@1.0.3~prepublish: Returned: code: 0  signal: null
19 info lifecycle vue-focus-lock@1.0.3~prepare: vue-focus-lock@1.0.3
20 silly lifecycle vue-focus-lock@1.0.3~prepare: no script for prepare, continuing
21 verbose tar pack [ '/Users/akorzunov/.npm/vue-focus-lock/1.0.3/package.tgz',
21 verbose tar pack   '/Users/akorzunov/dev/Z/mellis/github/focus/vue-focus-lock' ]
22 verbose tarball /Users/akorzunov/.npm/vue-focus-lock/1.0.3/package.tgz
23 verbose folder /Users/akorzunov/dev/Z/mellis/github/focus/vue-focus-lock
24 verbose addLocalTarball adding from inside cache /Users/akorzunov/.npm/vue-focus-lock/1.0.3/package.tgz
25 verbose correctMkdir /Users/akorzunov/.npm correctMkdir not in flight; initializing
26 silly cache afterAdd vue-focus-lock@1.0.3
27 verbose afterAdd /Users/akorzunov/.npm/vue-focus-lock/1.0.3/package/package.json not in flight; writing
28 verbose correctMkdir /Users/akorzunov/.npm correctMkdir not in flight; initializing
29 verbose afterAdd /Users/akorzunov/.npm/vue-focus-lock/1.0.3/package/package.json written
30 silly publish { name: 'vue-focus-lock',
30 silly publish   version: '1.0.3',
30 silly publish   description: 'It is a trap! (for a focus)',
30 silly publish   main: 'dist/index.js',
30 silly publish   scripts:
30 silly publish    { build: 'rm -rf ./dist && webpack --colors --hide-modules',
30 silly publish      prepublish: 'npm run build',
30 silly publish      lint: 'eslint src tests',
30 silly publish      'lint:fix': 'eslint src tests --fix' },
30 silly publish   repository:
30 silly publish    { type: 'git',
30 silly publish      url: 'git+https://github.com/theKashey/vue-focus-lock.git' },
30 silly publish   keywords: [ 'vue', 'focus', 'lock', 'trap', 'tabbable' ],
30 silly publish   author: { name: 'theKashey', email: 'thekashey@gmail.com' },
30 silly publish   license: 'ISC',
30 silly publish   bugs: { url: 'https://github.com/theKashey/vue-focus-lock/issues' },
30 silly publish   homepage: 'https://github.com/theKashey/vue-focus-lock#readme',
30 silly publish   devDependencies:
30 silly publish    { 'babel-core': '^6.24.0',
30 silly publish      'babel-eslint': '7.2.3',
30 silly publish      'babel-loader': '^6.4.1',
30 silly publish      'babel-plugin-transform-runtime': '^6.23.0',
30 silly publish      'babel-preset-env': '^1.6.0',
30 silly publish      'babel-preset-es2015': '^6.24.0',
30 silly publish      'babel-preset-stage-2': '^6.22.0',
30 silly publish      'babel-runtime': '^6.23.0',
30 silly publish      'css-loader': '^0.23.1',
30 silly publish      eslint: '4.6.0',
30 silly publish      'eslint-plugin-vue': '^3.12.0',
30 silly publish      'style-loader': '^0.15.0',
30 silly publish      vue: '^2.0.0',
30 silly publish      'vue-html-loader': '^1.2.4',
30 silly publish      'vue-loader': '^11.1.4',
30 silly publish      'vue-style-loader': '^2.0.4',
30 silly publish      'vue-template-compiler': '^2.2.4',
30 silly publish      webpack: '^2.0.0' },
30 silly publish   peerDependencies: { vue: '^2.0.0' },
30 silly publish   dependencies: { 'focus-lock': '^0.0.4' },
30 silly publish   readme: '# vue-focus-lock\nIt is a trap! We got your focus and will not let him out!\n\n[![NPM](https://nodei.co/npm/vue-focus-lock.png?downloads=true&stars=true)](https://nodei.co/npm/vue-focus-lock/)\n\nThis is a small, but very useful for:\n - Modal dialogs. You can not leave it with "Tab", ie tab-out.\n - Focused tasks. It will aways brings you back.\n \nYou have to use it in _every_ modal dialog, or you `a11y` will be shitty.\n \n# How to use\nJust wrap something with focus lock, and focus will be `moved inside` on mount.\n```html\n<FocusLock>\n You can not leave this form\n <button onClick={onClick} />\n</FocusLock> \n```\n Demo - https://codesandbox.io/s/l5qlpxqvnq\n\n#WHY?\nFrom [MDN Article about accessible dialogs](https://developer.mozilla.org/en-US/docs/Web/Accessibility/ARIA/ARIA_Techniques/Using_the_dialog_role):\n - The dialog must be properly labeled\n - Keyboard __focus must be managed__ correctly\n \nThis one is about managing the focus.\n\nI\'v got a good [article about focus management, dialogs and  WAI-ARIA](https://medium.com/@antonkorzunov/its-a-focus-trap-699a04d66fb5).    \n\n\n# Behavior\n 0. It will always keep focus inside Lock.\n 1. It will cycle forward then you press Tab.\n 2. It will cycle in reverse direction on Shift+Tab.\n 3. It will do it using _browser_ tools, not emulation.\n 4. It will handle positive tabIndex inside form.\n 5. It will prevent any jump outside, returning focus to the last element.\n \n !! this realisation will not return focus  to the original place on Unlock !! \n\nYou can use nested Locks or have more than one Lock on the page.\nOnly `last`, or `deepest` one will work. No fighting.\n\n# API\n FocusLock has only 3 props, 2 of them you will never use(I hope):\n  - `disabled`, to disable(enable) behavior without altering the tree.\n     \n# How it works\n Everything thing is simple - vue-focus-lock just dont left focus left boundaries of component, and\n do something only if escape attempt was succeeded.\n \n It is not altering tabbing behavior at all. We are good citizens.\n\n# Licence\n MIT\n \n \n',
30 silly publish   readmeFilename: 'README.md',
30 silly publish   gitHead: '642f5814d237b840e019478faa83749bc2c528e5',
30 silly publish   _id: 'vue-focus-lock@1.0.3',
30 silly publish   _shasum: '542d13ea5374201abd6d5b95fa072ad58360e2bd',
30 silly publish   _from: '.' }
31 info lifecycle vue-focus-lock@1.0.3~prepublishOnly: vue-focus-lock@1.0.3
32 silly lifecycle vue-focus-lock@1.0.3~prepublishOnly: no script for prepublishOnly, continuing
33 verbose getPublishConfig undefined
34 silly mapToRegistry name vue-focus-lock
35 silly mapToRegistry using default registry
36 silly mapToRegistry registry https://registry.npmjs.org/
37 silly mapToRegistry data Result {
37 silly mapToRegistry   raw: 'vue-focus-lock',
37 silly mapToRegistry   scope: null,
37 silly mapToRegistry   escapedName: 'vue-focus-lock',
37 silly mapToRegistry   name: 'vue-focus-lock',
37 silly mapToRegistry   rawSpec: '',
37 silly mapToRegistry   spec: 'latest',
37 silly mapToRegistry   type: 'tag' }
38 silly mapToRegistry uri https://registry.npmjs.org/vue-focus-lock
39 verbose publish registryBase https://registry.npmjs.org/
40 silly publish uploading /Users/akorzunov/.npm/vue-focus-lock/1.0.3/package.tgz
41 verbose request uri https://registry.npmjs.org/vue-focus-lock
42 verbose request sending authorization for write operation
43 info attempt registry request try #1 at 11:36:31 PM
44 verbose request using bearer token for auth
45 verbose request id 024af4c40a116da4
46 http request PUT https://registry.npmjs.org/vue-focus-lock
47 http 403 https://registry.npmjs.org/vue-focus-lock
48 verbose headers { 'content-type': 'application/json',
48 verbose headers   'cache-control': 'max-age=300',
48 verbose headers   'content-length': '91',
48 verbose headers   'accept-ranges': 'bytes',
48 verbose headers   date: 'Thu, 12 Oct 2017 12:36:33 GMT',
48 verbose headers   via: '1.1 varnish',
48 verbose headers   connection: 'keep-alive',
48 verbose headers   'x-served-by': 'cache-syd1621-SYD',
48 verbose headers   'x-cache': 'MISS',
48 verbose headers   'x-cache-hits': '0',
48 verbose headers   'x-timer': 'S1507811792.220692,VS0,VE817',
48 verbose headers   vary: 'Accept-Encoding, Accept' }
49 verbose request invalidating /Users/akorzunov/.npm/registry.npmjs.org/vue-focus-lock on PUT
50 error publish Failed PUT 403
51 verbose stack Error: You cannot publish over the previously published version 1.0.3. : vue-focus-lock
51 verbose stack     at makeError (/Users/akorzunov/.nvm/versions/node/v7.7.2/lib/node_modules/npm/node_modules/npm-registry-client/lib/request.js:304:12)
51 verbose stack     at CachingRegistryClient.<anonymous> (/Users/akorzunov/.nvm/versions/node/v7.7.2/lib/node_modules/npm/node_modules/npm-registry-client/lib/request.js:292:14)
51 verbose stack     at Request._callback (/Users/akorzunov/.nvm/versions/node/v7.7.2/lib/node_modules/npm/node_modules/npm-registry-client/lib/request.js:212:14)
51 verbose stack     at Request.self.callback (/Users/akorzunov/.nvm/versions/node/v7.7.2/lib/node_modules/npm/node_modules/request/request.js:186:22)
51 verbose stack     at emitTwo (events.js:106:13)
51 verbose stack     at Request.emit (events.js:194:7)
51 verbose stack     at Request.<anonymous> (/Users/akorzunov/.nvm/versions/node/v7.7.2/lib/node_modules/npm/node_modules/request/request.js:1081:10)
51 verbose stack     at emitOne (events.js:96:13)
51 verbose stack     at Request.emit (events.js:191:7)
51 verbose stack     at IncomingMessage.<anonymous> (/Users/akorzunov/.nvm/versions/node/v7.7.2/lib/node_modules/npm/node_modules/request/request.js:1001:12)
52 verbose statusCode 403
53 verbose pkgid vue-focus-lock
54 verbose cwd /Users/akorzunov/dev/Z/mellis/github/focus/vue-focus-lock
55 error Darwin 16.7.0
56 error argv "/Users/akorzunov/.nvm/versions/node/v7.7.2/bin/node" "/Users/akorzunov/.nvm/versions/node/v7.7.2/bin/npm" "publish"
57 error node v7.7.2
58 error npm  v4.1.2
59 error code E403
60 error You cannot publish over the previously published version 1.0.3. : vue-focus-lock
61 error If you need help, you may report this error at:
61 error     <https://github.com/npm/npm/issues>
62 verbose exit [ 1, true ]
